Performing C++ SOURCE FILE Test CMAKE_HAVE_LIBC_PTHREAD failed with the following output:
Change Dir: /home/anton/Documents/Education/TP2021/task4/cmake-build-debug/CMakeFiles/CMakeTmp

Run Build Command(s):/usr/bin/make cmTC_2427f/fast && /usr/bin/make  -f CMakeFiles/cmTC_2427f.dir/build.make CMakeFiles/cmTC_2427f.dir/build
make[1]: Entering directory '/home/anton/Documents/Education/TP2021/task4/cmake-build-debug/CMakeFiles/CMakeTmp'
Building CXX object CMakeFiles/cmTC_2427f.dir/src.cxx.o
/usr/bin/c++ -DCMAKE_HAVE_LIBC_PTHREAD  -fPIE -o CMakeFiles/cmTC_2427f.dir/src.cxx.o -c /home/anton/Documents/Education/TP2021/task4/cmake-build-debug/CMakeFiles/CMakeTmp/src.cxx
Linking CXX executable cmTC_2427f
/snap/clion/149/bin/cmake/linux/bin/cmake -E cmake_link_script CMakeFiles/cmTC_2427f.dir/link.txt --verbose=1
/usr/bin/c++ CMakeFiles/cmTC_2427f.dir/src.cxx.o -o cmTC_2427f 
/usr/bin/ld: CMakeFiles/cmTC_2427f.dir/src.cxx.o: in function `main':
src.cxx:(.text+0x46): undefined reference to `pthread_create'
/usr/bin/ld: src.cxx:(.text+0x52): undefined reference to `pthread_detach'
/usr/bin/ld: src.cxx:(.text+0x5e): undefined reference to `pthread_cancel'
/usr/bin/ld: src.cxx:(.text+0x6f): undefined reference to `pthread_join'
collect2: error: ld returned 1 exit status
make[1]: *** [CMakeFiles/cmTC_2427f.dir/build.make:106: cmTC_2427f] Error 1
make[1]: Leaving directory '/home/anton/Documents/Education/TP2021/task4/cmake-build-debug/CMakeFiles/CMakeTmp'
make: *** [Makefile:140: cmTC_2427f/fast] Error 2


Source file was:
#include <pthread.h>

static void* test_func(void* data)
{
  return data;
}

int main(void)
{
  pthread_t thread;
  pthread_create(&thread, NULL, test_func, NULL);
  pthread_detach(thread);
  pthread_cancel(thread);
  pthread_join(thread, NULL);
  pthread_atfork(NULL, NULL, NULL);
  pthread_exit(NULL);

  return 0;
}

Determining if the function pthread_create exists in the pthreads failed with the following output:
Change Dir: /home/anton/Documents/Education/TP2021/task4/cmake-build-debug/CMakeFiles/CMakeTmp

Run Build Command(s):/usr/bin/make cmTC_87c1d/fast && /usr/bin/make  -f CMakeFiles/cmTC_87c1d.dir/build.make CMakeFiles/cmTC_87c1d.dir/build
make[1]: Entering directory '/home/anton/Documents/Education/TP2021/task4/cmake-build-debug/CMakeFiles/CMakeTmp'
Building CXX object CMakeFiles/cmTC_87c1d.dir/CheckFunctionExists.cxx.o
/usr/bin/c++   -DCHECK_FUNCTION_EXISTS=pthread_create -fPIE -o CMakeFiles/cmTC_87c1d.dir/CheckFunctionExists.cxx.o -c /home/anton/Documents/Education/TP2021/task4/cmake-build-debug/CMakeFiles/CheckLibraryExists/CheckFunctionExists.cxx
Linking CXX executable cmTC_87c1d
/snap/clion/149/bin/cmake/linux/bin/cmake -E cmake_link_script CMakeFiles/cmTC_87c1d.dir/link.txt --verbose=1
/usr/bin/c++  -DCHECK_FUNCTION_EXISTS=pthread_create CMakeFiles/cmTC_87c1d.dir/CheckFunctionExists.cxx.o -o cmTC_87c1d  -lpthreads 
/usr/bin/ld: cannot find -lpthreads
collect2: error: ld returned 1 exit status
make[1]: *** [CMakeFiles/cmTC_87c1d.dir/build.make:106: cmTC_87c1d] Error 1
make[1]: Leaving directory '/home/anton/Documents/Education/TP2021/task4/cmake-build-debug/CMakeFiles/CMakeTmp'
make: *** [Makefile:140: cmTC_87c1d/fast] Error 2



The C compiler identification could not be found in "/home/anton/Documents/Education/TP2021/task4/cmake-build-debug/CMakeFiles/3.19.2/CompilerIdC/CMakeCCompilerId.gcno"

